<?xml version="1.0" encoding="UTF-8"?>
<testng-results skipped="0" failed="0" ignored="0" total="1" passed="1">
  <reporter-output>
  </reporter-output>
  <suite name="Default suite" duration-ms="21602" started-at="2020-06-21T00:47:39 IST" finished-at="2020-06-21T00:48:00 IST">
    <groups>
    </groups>
    <test name="Default test" duration-ms="21602" started-at="2020-06-21T00:47:39 IST" finished-at="2020-06-21T00:48:00 IST">
      <class name="com.neophotonics.homepage_sampleScript">
        <test-method status="PASS" signature="homepageTest()[pri:0, instance:com.neophotonics.homepage_sampleScript@2781e022]" name="homepageTest" duration-ms="21521" started-at="2020-06-21T00:47:39 IST" finished-at="2020-06-21T00:48:00 IST">
          <reporter-output>
          </reporter-output>
        </test-method> <!-- homepageTest -->
      </class> <!-- com.neophotonics.homepage_sampleScript -->
    </test> <!-- Default test -->
  </suite> <!-- Default suite -->
</testng-results>
